<?xml version="1.0" encoding="UTF-8"?>
<!-- Generated by org.testng.reporters.JUnitReportReporter -->
<testsuite skipped="0" hostname="AGL087" name="com.truevalue.hyperlocal.insurance" tests="1" failures="0" timestamp="12 Dec 2018 12:45:49 GMT" time="19.162" errors="0">
  <testcase name="TRV_booklisting" time="19.162" classname="com.truevalue.hyperlocal.insurance"/>
</testsuite> <!-- com.truevalue.hyperlocal.insurance -->
