<?xml version="1.0" encoding="UTF-8"?>
<!-- Generated by org.testng.reporters.JUnitReportReporter -->
<testsuite skipped="0" hostname="AGL087" name="com.truevalue.hyperlocal.FormValidation" tests="1" failures="0" timestamp="12 Dec 2018 12:45:49 GMT" time="21.346" errors="0">
  <testcase name="Class" time="21.346" classname="com.truevalue.hyperlocal.FormValidation"/>
</testsuite> <!-- com.truevalue.hyperlocal.FormValidation -->
