<?xml version="1.0" encoding="UTF-8"?>
<!-- Generated by org.testng.reporters.JUnitReportReporter -->
<testsuite skipped="0" hostname="AGL087" name="com.truevalue.hyperlocal.Website2" tests="1" failures="0" timestamp="12 Dec 2018 12:45:48 GMT" time="15.585" errors="0">
  <testcase name="Class" time="15.585" classname="com.truevalue.hyperlocal.Website2"/>
</testsuite> <!-- com.truevalue.hyperlocal.Website2 -->
