<?xml version="1.0" encoding="UTF-8"?>
<!-- Generated by org.testng.reporters.JUnitReportReporter -->
<testsuite skipped="0" hostname="AGL087" name="com.truevalue.live.TrueValueLive" tests="1" failures="0" timestamp="03 Jan 2019 07:15:31 GMT" time="1.265" errors="0">
  <testcase name="TrueValueLive1" time="1.265" classname="com.truevalue.live.TrueValueLive"/>
</testsuite> <!-- com.truevalue.live.TrueValueLive -->
