<?xml version="1.0" encoding="UTF-8"?>
<!-- Generated by org.testng.reporters.JUnitReportReporter -->
<testsuite skipped="0" hostname="AGL087" name="com.truevalue.live.BooktestDrive" tests="2" failures="0" timestamp="03 Jan 2019 07:15:31 GMT" time="1.705" errors="0">
  <testcase name="Booktestdrive" time="1.033" classname="com.truevalue.live.BooktestDrive"/>
  <testcase name="Booktestdrive1" time="0.672" classname="com.truevalue.live.BooktestDrive"/>
</testsuite> <!-- com.truevalue.live.BooktestDrive -->
