<?xml version="1.0" encoding="UTF-8"?>
<!-- Generated by org.testng.reporters.JUnitReportReporter -->
<testsuite skipped="0" hostname="AGL087" name="com.arena.hyperlocal.Arena_GetQuote" tests="1" failures="0" timestamp="28 Nov 2018 10:08:41 GMT" time="22.851" errors="0">
  <testcase name="Arena_Quote" time="22.851" classname="com.arena.hyperlocal.Arena_GetQuote"/>
</testsuite> <!-- com.arena.hyperlocal.Arena_GetQuote -->
